0 silly argv {
0 silly argv   _: [ 'run' ],
0 silly argv   lernaVersion: '5.6.2',
0 silly argv   '$0': 'node_modules\\lerna\\cli.js',
0 silly argv   script: 'build'
0 silly argv }
1 notice cli v5.6.2
2 verbose rootPath X:\YANDEX_GAME\55_01_react-game
3 verbose run nx.json was not found or is missing targetDefaults. Task dependencies will not be automatically included.
4 error Error: Cannot find module 'yargs-parser'
4 error Require stack:
4 error - X:\YANDEX_GAME\55_01_react-game\node_modules\nx\src\utils\command-line-utils.js
4 error - X:\YANDEX_GAME\55_01_react-game\node_modules\nx\src\command-line\run-many.js
4 error - X:\YANDEX_GAME\55_01_react-game\node_modules\@lerna\run\index.js
4 error - X:\YANDEX_GAME\55_01_react-game\node_modules\@lerna\run\command.js
4 error - X:\YANDEX_GAME\55_01_react-game\node_modules\lerna\index.js
4 error - X:\YANDEX_GAME\55_01_react-game\node_modules\lerna\cli.js
4 error     at Module._resolveFilename (node:internal/modules/cjs/loader:1421:15)
4 error     at defaultResolveImpl (node:internal/modules/cjs/loader:1059:19)
4 error     at resolveForCJSWithHooks (node:internal/modules/cjs/loader:1064:22)
4 error     at Module._load (node:internal/modules/cjs/loader:1227:37)
4 error     at TracingChannel.traceSync (node:diagnostics_channel:328:14)
4 error     at wrapModuleLoad (node:internal/modules/cjs/loader:245:24)
4 error     at Module.require (node:internal/modules/cjs/loader:1504:12)
4 error     at require (node:internal/modules/helpers:152:16)
4 error     at Object.<anonymous> (X:\YANDEX_GAME\55_01_react-game\node_modules\nx\src\utils\command-line-utils.js:4:21)
